<?xml version="1.0" encoding="UTF-8"?>
<!-- Generated by org.testng.reporters.JUnitXMLReporter -->
<testsuite hostname="GREENY" ignored="0" name="Creepy" tests="1" failures="1" timestamp="02 Feb 2018 14:16:29 GMT" time="3.579" errors="0">
  <testcase name="@AfterTest after" time="0.001" classname="someNewPack.main">
    <failure type="java.lang.NullPointerException">
      <![CDATA[java.lang.NullPointerExceptionat someNewPack.main.after(main.java:34)... Removed 28 stack frames]]>
    </failure>
  </testcase> <!-- @AfterTest after -->
  <testcase name="firstTest" time="3.347" classname="someNewPack.main">
    <failure type="org.openqa.selenium.SessionNotCreatedException" message="Unable to find a matching set of capabilities
Build info: version: &amp;apos;3.8.1&amp;apos;, revision: &amp;apos;6e95a6684b&amp;apos;, time: &amp;apos;2017-12-01T18:33:54.468Z&amp;apos;
System info: host: &amp;apos;GREENY&amp;apos;, ip: &amp;apos;10.129.1.224&amp;apos;, os.name: &amp;apos;Windows 10&amp;apos;, os.arch: &amp;apos;amd64&amp;apos;, os.version: &amp;apos;10.0&amp;apos;, java.version: &amp;apos;1.8.0_144&amp;apos;
Driver info: driver.version: FirefoxDriver
remote stacktrace: stack backtrace:
   0:           0x47e934 - &amp;lt;no info&amp;gt;
   1:           0x47f0a3 - &amp;lt;no info&amp;gt;
   2:           0x442511 - &amp;lt;no info&amp;gt;
   3:           0x4436da - &amp;lt;no info&amp;gt;
   4:           0x42a890 - &amp;lt;no info&amp;gt;
   5:           0x406f5e - &amp;lt;no info&amp;gt;
   6:           0x40cfc9 - &amp;lt;no info&amp;gt;
   7:           0x6bef19 - &amp;lt;no info&amp;gt;
   8:           0x420756 - &amp;lt;no info&amp;gt;
   9:           0x6b96e0 - &amp;lt;no info&amp;gt;
  10:     0x7ffdebc68364 - BaseThreadInitThunk">
      <![CDATA[org.openqa.selenium.SessionNotCreatedException: Unable to find a matching set of capabilitiesBuild info: version: '3.8.1', revision: '6e95a6684b', time: '2017-12-01T18:33:54.468Z'System info: host: 'GREENY', ip: '10.129.1.224', os.name: 'Windows 10', os.arch: 'amd64', os.version: '10.0', java.version: '1.8.0_144'Driver info: driver.version: FirefoxDriverremote stacktrace: stack backtrace:   0:           0x47e934 - <no info>   1:           0x47f0a3 - <no info>   2:           0x442511 - <no info>   3:           0x4436da - <no info>   4:           0x42a890 - <no info>   5:           0x406f5e - <no info>   6:           0x40cfc9 - <no info>   7:           0x6bef19 - <no info>   8:           0x420756 - <no info>   9:           0x6b96e0 - <no info>  10:     0x7ffdebc68364 - BaseThreadInitThunkat org.openqa.selenium.remote.W3CHandshakeResponse.lambda$new$0(W3CHandshakeResponse.java:57)at org.openqa.selenium.remote.W3CHandshakeResponse.lambda$getResponseFunction$2(W3CHandshakeResponse.java:104)at org.openqa.selenium.remote.ProtocolHandshake.lambda$createSession$0(ProtocolHandshake.java:123)at java.util.stream.ReferencePipeline$3$1.accept(ReferencePipeline.java:193)at java.util.Spliterators$ArraySpliterator.tryAdvance(Spliterators.java:958)at java.util.stream.ReferencePipeline.forEachWithCancel(ReferencePipeline.java:126)at java.util.stream.AbstractPipeline.copyIntoWithCancel(AbstractPipeline.java:498)at java.util.stream.AbstractPipeline.copyInto(AbstractPipeline.java:485)at java.util.stream.AbstractPipeline.wrapAndCopyInto(AbstractPipeline.java:471)at java.util.stream.FindOps$FindOp.evaluateSequential(FindOps.java:152)at java.util.stream.AbstractPipeline.evaluate(AbstractPipeline.java:234)at java.util.stream.ReferencePipeline.findFirst(ReferencePipeline.java:464)at org.openqa.selenium.remote.ProtocolHandshake.createSession(ProtocolHandshake.java:126)at org.openqa.selenium.remote.ProtocolHandshake.createSession(ProtocolHandshake.java:73)at org.openqa.selenium.remote.HttpCommandExecutor.execute(HttpCommandExecutor.java:142)at org.openqa.selenium.remote.service.DriverCommandExecutor.execute(DriverCommandExecutor.java:83)at org.openqa.selenium.remote.RemoteWebDriver.execute(RemoteWebDriver.java:601)at org.openqa.selenium.remote.RemoteWebDriver.startSession(RemoteWebDriver.java:219)at org.openqa.selenium.remote.RemoteWebDriver.<init>(RemoteWebDriver.java:142)at org.openqa.selenium.firefox.FirefoxDriver.<init>(FirefoxDriver.java:120)at org.openqa.selenium.firefox.FirefoxDriver.<init>(FirefoxDriver.java:98)at someNewPack.main.firstTest(main.java:19)... Removed 33 stack frames]]>
    </failure>
  </testcase> <!-- firstTest -->
</testsuite> <!-- Creepy -->
