<?xml version="1.0" encoding="UTF-8"?>
<testsuite xmlns:xsi="http://www.w3.org/2001/XMLSchema-instance" xsi:noNamespaceSchemaLocation="https://maven.apache.org/surefire/maven-surefire-plugin/xsd/surefire-test-report.xsd" name="TestSuite" time="5.433" tests="2" errors="0" skipped="0" failures="2">
  <properties>
[...]
</properties>
  <testcase name="firstTest" classname="someNewPack.main" time="3.341">
    <failure message="Unable to find a matching set of capabilities&#10;Build info: version: &apos;3.8.1&apos;, revision: &apos;6e95a6684b&apos;, time: &apos;2017-12-01T18:33:54.468Z&apos;&#10;System info: host: &apos;GREENY&apos;, ip: &apos;10.129.1.224&apos;, os.name: &apos;Windows 10&apos;, os.arch: &apos;amd64&apos;, os.version: &apos;10.0&apos;, java.version: &apos;1.8.0_144&apos;&#10;Driver info: driver.version: FirefoxDriver&#10;remote stacktrace: stack backtrace:&#10;   0:           0x47e934 - &lt;no info&gt;&#10;   1:           0x47f0a3 - &lt;no info&gt;&#10;   2:           0x442511 - &lt;no info&gt;&#10;   3:           0x4436da - &lt;no info&gt;&#10;   4:           0x42a890 - &lt;no info&gt;&#10;   5:           0x406f5e - &lt;no info&gt;&#10;   6:           0x40cfc9 - &lt;no info&gt;&#10;   7:           0x6bef19 - &lt;no info&gt;&#10;   8:           0x420756 - &lt;no info&gt;&#10;   9:           0x6b96e0 - &lt;no info&gt;&#10;  10:     0x7ffdebc68364 - BaseThreadInitThunk" type="org.openqa.selenium.SessionNotCreatedException"><![CDATA[org.openqa.selenium.SessionNotCreatedException: 
Unable to find a matching set of capabilities
Build info: version: '3.8.1', revision: '6e95a6684b', time: '2017-12-01T18:33:54.468Z'
System info: host: 'GREENY', ip: '10.129.1.224', os.name: 'Windows 10', os.arch: 'amd64', os.version: '10.0', java.version: '1.8.0_144'
Driver info: driver.version: FirefoxDriver
remote stacktrace: stack backtrace:
   0:           0x47e934 - <no info>
   1:           0x47f0a3 - <no info>
   2:           0x442511 - <no info>
   3:           0x4436da - <no info>
   4:           0x42a890 - <no info>
   5:           0x406f5e - <no info>
   6:           0x40cfc9 - <no info>
   7:           0x6bef19 - <no info>
   8:           0x420756 - <no info>
   9:           0x6b96e0 - <no info>
  10:     0x7ffdebc68364 - BaseThreadInitThunk
	at someNewPack.main.firstTest(main.java:19)
]]></failure>
    <system-out><![CDATA[16:16:25.712 [main] DEBUG io.qameta.allure.AllureLifecycle - Start test result container 1d8e3e02-ac77-4514-8468-96f78a525bfd
16:16:25.722 [main] DEBUG io.qameta.allure.AllureLifecycle - Start test result container dfbe0ebc-830d-4eef-9b92-fb1a3d815677
16:16:25.952 [main] DEBUG io.qameta.allure.AllureLifecycle - Add test case 9a8f208a-92b9-4aa4-b079-4a0d7b849407 to dfbe0ebc-830d-4eef-9b92-fb1a3d815677
16:16:25.953 [main] DEBUG io.qameta.allure.AllureLifecycle - Schedule test case 9a8f208a-92b9-4aa4-b079-4a0d7b849407
16:16:25.953 [main] DEBUG io.qameta.allure.AllureLifecycle - Start test case 9a8f208a-92b9-4aa4-b079-4a0d7b849407
16:16:27.857 [main] INFO io.github.bonigarcia.wdm.WebDriverManager - Latest version of [wires, geckodriver] is 0.19.1
16:16:27.887 [main] DEBUG io.github.bonigarcia.wdm.Downloader - Using binary driver previously downloaded C:\Users\mkrave\.m2\repository\webdriver\geckodriver\win64\0.19.1\geckodriver.exe
16:16:27.887 [main] INFO io.github.bonigarcia.wdm.WebDriverManager - Exporting webdriver.gecko.driver as C:\Users\mkrave\.m2\repository\webdriver\geckodriver\win64\0.19.1\geckodriver.exe
16:16:29.155 [main] DEBUG io.qameta.allure.AllureLifecycle - Update test case 9a8f208a-92b9-4aa4-b079-4a0d7b849407
16:16:29.156 [main] DEBUG io.qameta.allure.AllureLifecycle - Stop test case 9a8f208a-92b9-4aa4-b079-4a0d7b849407
16:16:29.156 [main] DEBUG io.qameta.allure.AllureLifecycle - Close test case 9a8f208a-92b9-4aa4-b079-4a0d7b849407
]]></system-out>
    <system-err><![CDATA[1517580988373	geckodriver	INFO	geckodriver 0.19.1
1517580988381	geckodriver	INFO	Listening on 127.0.0.1:41109
]]></system-err>
  </testcase>
  <testcase name="after" classname="someNewPack.main" time="3.343">
    <failure type="java.lang.NullPointerException">java.lang.NullPointerException
	at someNewPack.main.after(main.java:34)
</failure>
    <system-out><![CDATA[16:16:29.298 [main] DEBUG io.qameta.allure.AllureLifecycle - Start test after 66730d76-f8f3-4eaa-93bf-f8d5c2a75913 with parent dfbe0ebc-830d-4eef-9b92-fb1a3d815677
16:16:29.299 [main] DEBUG io.qameta.allure.AllureLifecycle - Stop test before 66730d76-f8f3-4eaa-93bf-f8d5c2a75913
]]></system-out>
  </testcase>
</testsuite>