<?xml version="1.0" encoding="UTF-8"?>
<testng-results skipped="0" failed="0" ignored="0" total="1" passed="1">
  <reporter-output>
  </reporter-output>
  <suite name="Test1" duration-ms="27578" started-at="2018-02-02T13:22:14Z" finished-at="2018-02-02T13:22:41Z">
    <groups>
    </groups>
    <test name="Creepy" duration-ms="27578" started-at="2018-02-02T13:22:14Z" finished-at="2018-02-02T13:22:41Z">
      <class name="someNewPack.main">
        <test-method status="PASS" signature="firstTest()[pri:0, instance:someNewPack.main@6366ebe0]" name="firstTest" duration-ms="27531" started-at="2018-02-02T15:22:14Z" finished-at="2018-02-02T15:22:41Z">
          <reporter-output>
          </reporter-output>
        </test-method> <!-- firstTest -->
        <test-method status="PASS" signature="after()[pri:0, instance:someNewPack.main@6366ebe0]" name="after" is-config="true" duration-ms="0" started-at="2018-02-02T15:22:41Z" finished-at="2018-02-02T15:22:41Z">
          <reporter-output>
          </reporter-output>
        </test-method> <!-- after -->
      </class> <!-- someNewPack.main -->
    </test> <!-- Creepy -->
  </suite> <!-- Test1 -->
</testng-results>
