<?xml version="1.0" encoding="UTF-8"?>
<testng-results skipped="0" failed="0" ignored="0" total="1" passed="1">
  <reporter-output>
  </reporter-output>
  <suite name="Test1" duration-ms="25175" started-at="2018-02-02T14:41:38Z" finished-at="2018-02-02T14:42:03Z">
    <groups>
    </groups>
    <test name="Creepy" duration-ms="25175" started-at="2018-02-02T14:41:38Z" finished-at="2018-02-02T14:42:03Z">
      <class name="someNewPack.main">
        <test-method status="PASS" signature="firstTest()[pri:0, instance:someNewPack.main@21ec5d87]" name="firstTest" duration-ms="24933" started-at="2018-02-02T16:41:38Z" finished-at="2018-02-02T16:42:03Z">
          <reporter-output>
          </reporter-output>
        </test-method> <!-- firstTest -->
        <test-method status="PASS" signature="after()[pri:0, instance:someNewPack.main@21ec5d87]" name="after" is-config="true" duration-ms="0" started-at="2018-02-02T16:42:03Z" finished-at="2018-02-02T16:42:03Z">
          <reporter-output>
          </reporter-output>
        </test-method> <!-- after -->
      </class> <!-- someNewPack.main -->
    </test> <!-- Creepy -->
  </suite> <!-- Test1 -->
</testng-results>
